./Numbers/My-Meme-1676.jpg
./Numbers/My-Meme-1025.gif
./Numbers/My-Meme-1047.gif
./Pending/微信图片_2026-06-18_140246_360.jpg
./Numbers/My-Meme-167.jpg
./Numbers/My-Meme-1041.gif
./Numbers/My-Meme-1614.gif
./Numbers/My-Meme-1601.jpg
./Numbers/My-Meme-1623.jpg
./Numbers/My-Meme-802.jpg
./Numbers/My-Meme-1026.gif
./Numbers/My-Meme-855.png
./Numbers/My-Meme-1112.gif
./Numbers/My-Meme-1220.gif
./Numbers/My-Meme-1038.gif
./Numbers/My-Meme-1046.gif
./Numbers/My-Meme-1508.gif
./Numbers/My-Meme-881.gif
./2025-02-update/Meme_2501_153.jpg
./Numbers/My-Meme-1068.jpg
./Numbers/My-Meme-1748.gif
./Numbers/My-Meme-1228.gif
./Numbers/My-Meme-854.png
./Numbers/My-Meme-365.jpg
./Numbers/My-Meme-786.jpg
./Numbers/My-Meme-1588.jpg
./Numbers/My-Meme-1599.jpg
./Numbers/My-Meme-1496.jpg
./Numbers/My-Meme-787.jpg
./Numbers/My-Meme-1678.jpg
./Numbers/My-Meme-790.jpg
./Numbers/My-Meme-1514.gif
./2024-12-06-Update/Meme_0866.jpg
./Numbers/My-Meme-1222.gif
./Numbers/My-Meme-779.jpg
./Numbers/My-Meme-1498.jpg
./Numbers/My-Meme-1106.gif
./Numbers/My-Meme-568.jpg
./Numbers/My-Meme-1504.jpg
./Numbers/My-Meme-1575.jpg
./Numbers/My-Meme-1049.gif
./Numbers/My-Meme-1085.gif
./Numbers/My-Meme-1506.gif
./Numbers/My-Meme-1596.jpg
./Numbers/My-Meme-1478.gif
./Numbers/My-Meme-788.jpg
./Numbers/My-Meme-1500.jpg
./2024-12-06-Update/Meme_0310.jpg
./Numbers/My-Meme-485.jpg
./Numbers/My-Meme-746.jpg
./Numbers/My-Meme-765.jpg
./Numbers/My-Meme-1594.jpg
./Numbers/My-Meme-1617.gif
./Numbers/My-Meme-1227.gif
./Numbers/My-Meme-780.jpg
./Numbers/My-Meme-778.jpg
./Numbers/My-Meme-776.jpg
./Numbers/My-Meme-1512.gif
./Numbers/My-Meme-1516.gif
./Numbers/My-Meme-1488.gif
./Pending/微信图片_2026-06-18_140257_576.jpg
./Numbers/My-Meme-1577.jpg
./Numbers/My-Meme-603.gif
./Numbers/My-Meme-591.gif
./Numbers/My-Meme-858.jpg
./Numbers/My-Meme-1625.jpg
./2024-12-06-Update/Meme_0656.jpg
./Numbers/My-Meme-789.jpg
./Numbers/My-Meme-1029.gif
./Numbers/My-Meme-1050.gif
./Numbers/My-Meme-1033.gif
./Numbers/My-Meme-742.jpg
./Numbers/My-Meme-773.jpg
./2024-12-06-Update/Meme_0984.jpg
./Numbers/My-Meme-877.gif
./2024-12-06-Update/Meme_0058.gif
./Numbers/My-Meme-1230.gif
./Numbers/My-Meme-1612.gif
./Numbers/My-Meme-1609.jpg
./2024-12-06-Update/Meme_0975.jpg
./Numbers/My-Meme-801.jpg
./Numbers/My-Meme-791.jpg
./Numbers/My-Meme-1603.jpg
./2024-12-06-Update/Meme_0090.gif
./Numbers/My-Meme-875.gif
./Numbers/My-Meme-1592.jpg
./Numbers/My-Meme-763.jpg
./Pending/640
./Numbers/My-Meme-1528.jpg
./Numbers/My-Meme-1028.gif
./Numbers/My-Meme-1486.png
./Numbers/My-Meme-1111.gif
./2024-12-06-Update/Meme_0663.jpg
./Numbers/My-Meme-1518.jpg
./Numbers/My-Meme-1494.jpg
./Numbers/My-Meme-774.jpg
./Numbers/My-Meme-1586.jpg
./Numbers/My-Meme-1042.gif
./Pending/640 (4).png
